<?xml version="1.0" encoding="UTF-8"?>
<!-- Generated by org.testng.reporters.JUnitReportReporter -->
<testsuite skipped="0" hostname="DESKTOP-R7RD2DB" name="LaunchStarbucksTest" tests="2" failures="0" timestamp="2020-08-28T01:36:56 MDT" time="6.250" errors="0">
  <testcase name="validateChromePage" time="2.003" classname="LaunchStarbucksTest"/>
  <system-out/>
  <testcase name="validateCoffeeSelection" time="4.247" classname="LaunchStarbucksTest"/>
  <system-out/>
</testsuite> <!-- LaunchStarbucksTest -->
