<?xml version="1.0" encoding="UTF-8"?>
<!-- Generated by org.testng.reporters.JUnitReportReporter -->
<testsuite skipped="0" hostname="DESKTOP-R7RD2DB" name="LaunchStarbucksCoffeeTest" tests="2" failures="0" timestamp="2020-08-28T01:49:51 MDT" time="5.705" errors="0">
  <testcase name="validateChromePage" time="1.490" classname="LaunchStarbucksCoffeeTest"/>
  <system-out/>
  <testcase name="validateCoffeeSelection" time="4.215" classname="LaunchStarbucksCoffeeTest"/>
  <system-out/>
</testsuite> <!-- LaunchStarbucksCoffeeTest -->
